[+0,04s] DEBUG: simple-scan.vala:674: Starting Simple Scan 3.20.0, PID=23941
[+0,52s] DEBUG: scanner.vala:1447: sane_init () -> SANE_STATUS_GOOD
[+0,52s] DEBUG: scanner.vala:1453: SANE version 1.0.25
[+0,52s] DEBUG: scanner.vala:1514: Requesting redetection of scan devices
[+0,52s] DEBUG: scanner.vala:803: Processing request
[+6,20s] DEBUG: scanner.vala:338: sane_get_devices () -> SANE_STATUS_GOOD
[+6,20s] DEBUG: scanner.vala:350: Device: name="brother3:bus2;dev1" vendor="Brother" model="DCP-385C" type="USB scanner"
[+24,91s] DEBUG: simple-scan.vala:404: Requesting scan at 150 dpi from device 'brother3:bus2;dev1'
[+24,91s] DEBUG: scanner.vala:1560: Scanner.scan ("brother3:bus2;dev1", dpi=150, scan_mode=ScanMode.GRAY, depth=2, type=ScanType.SINGLE, paper_width=0, paper_height=0, brightness=0, contrast=0)
[+24,91s] DEBUG: scanner.vala:803: Processing request
[+26,03s] DEBUG: scanner.vala:864: sane_open ("brother3:bus2;dev1") -> SANE_STATUS_GOOD
[+26,03s] DEBUG: scanner.vala:885: sane_get_option_descriptor (0)
[+26,03s] DEBUG: scanner.vala:735: Option 0: name='(null)' title='Number of options' type=bool size=4 cap=soft-detect
[+26,03s] DEBUG: scanner.vala:738:   Description: Read-only option that specifies how many options a specific devices supports.
[+26,03s] DEBUG: scanner.vala:885: sane_get_option_descriptor (1)
[+26,03s] DEBUG: scanner.vala:735: Option 1: name='(null)' title='Mode' type=group size=4 cap=advanced
[+26,03s] DEBUG: scanner.vala:738:   Description:
[+26,03s] DEBUG: scanner.vala:885: sane_get_option_descriptor (2)
[+26,03s] DEBUG: scanner.vala:735: Option 2: name='mode' title='Scan mode' type=string size=30 values=["Black & White", "Gray[Error Diffusion]", "True Gray", "24bit Color"] cap=soft-select,soft-detect
[+26,03s] DEBUG: scanner.vala:738:   Description: Select the scan mode
[+26,03s] DEBUG: scanner.vala:885: sane_get_option_descriptor (3)
[+26,03s] DEBUG: scanner.vala:735: Option 3: name='resolution' title='Scan resolution' type=int size=4 unit=dpi values=[100, 150, 200, 300, 400, 600, 1200, 2400, 4800, 9600] cap=soft-select,soft-detect
[+26,03s] DEBUG: scanner.vala:738:   Description: Sets the resolution of the scanned image.
[+26,03s] DEBUG: scanner.vala:885: sane_get_option_descriptor (4)
[+26,03s] DEBUG: scanner.vala:735: Option 4: name='source' title='Scan source' type=string size=64 values=["FlatBed"] cap=soft-select,soft-detect
[+26,03s] DEBUG: scanner.vala:738:   Description: Selects the scan source (such as a document-feeder).
[+26,03s] DEBUG: scanner.vala:885: sane_get_option_descriptor (5)
[+26,03s] DEBUG: scanner.vala:735: Option 5: name='brightness' title='Brightness' type=fixed size=4 unit=percent min=-50,000000, max=50,000000, quant=65536 cap=soft-select,soft-detect,inactive
[+26,03s] DEBUG: scanner.vala:738:   Description: Controls the brightness of the acquired image.
[+26,03s] DEBUG: scanner.vala:885: sane_get_option_descriptor (6)
[+26,03s] DEBUG: scanner.vala:735: Option 6: name='contrast' title='Contrast' type=fixed size=4 unit=percent min=-50,000000, max=50,000000, quant=65536 cap=soft-select,soft-detect,inactive
[+26,03s] DEBUG: scanner.vala:738:   Description: Controls the contrast of the acquired image.
[+26,03s] DEBUG: scanner.vala:885: sane_get_option_descriptor (7)
[+26,03s] DEBUG: scanner.vala:735: Option 7: name='(null)' title='Geometry' type=group size=4 cap=advanced
[+26,03s] DEBUG: scanner.vala:738:   Description:
[+26,03s] DEBUG: scanner.vala:885: sane_get_option_descriptor (8)
[+26,03s] DEBUG: scanner.vala:735: Option 8: name='tl-x' title='Top-left x' type=fixed size=4 unit=mm min=0,000000, max=215,899994, quant=6553 cap=soft-select,soft-detect
[+26,03s] DEBUG: scanner.vala:738:   Description: Top-left x position of scan area.
[+26,03s] DEBUG: scanner.vala:885: sane_get_option_descriptor (9)
[+26,03s] DEBUG: scanner.vala:735: Option 9: name='tl-y' title='Top-left y' type=fixed size=4 unit=mm min=0,000000, max=355,599991, quant=6553 cap=soft-select,soft-detect
[+26,03s] DEBUG: scanner.vala:738:   Description: Top-left y position of scan area.
[+26,03s] DEBUG: scanner.vala:885: sane_get_option_descriptor (10)
[+26,03s] DEBUG: scanner.vala:735: Option 10: name='br-x' title='Bottom-right x' type=fixed size=4 unit=mm min=0,000000, max=215,899994, quant=6553 cap=soft-select,soft-detect
[+26,03s] DEBUG: scanner.vala:738:   Description: Bottom-right x position of scan area.
[+26,03s] DEBUG: scanner.vala:885: sane_get_option_descriptor (11)
[+26,03s] DEBUG: scanner.vala:735: Option 11: name='br-y' title='Bottom-right y' type=fixed size=4 unit=mm min=0,000000, max=355,599991, quant=6553 cap=soft-select,soft-detect
[+26,03s] DEBUG: scanner.vala:738:   Description: Bottom-right y position of scan area.
[+26,03s] DEBUG: scanner.vala:885: sane_get_option_descriptor (12)
[+26,03s] DEBUG: scanner.vala:546: sane_control_option (4, SANE_ACTION_SET_VALUE, "FlatBed") -> (SANE_STATUS_GOOD, "FlatBed")
[+26,03s] DEBUG: scanner.vala:546: sane_control_option (2, SANE_ACTION_SET_VALUE, "True Gray") -> (SANE_STATUS_GOOD, "True Gray")
[+26,03s] DEBUG: scanner.vala:462: sane_control_option (3, SANE_ACTION_SET_VALUE, 150) -> (SANE_STATUS_GOOD, 150)
[+26,03s] DEBUG: scanner.vala:530: sane_control_option (10, SANE_ACTION_SET_VALUE, option.range.max) -> (SANE_STATUS_GOOD)
[+26,03s] DEBUG: scanner.vala:530: sane_control_option (11, SANE_ACTION_SET_VALUE, option.range.max) -> (SANE_STATUS_GOOD)
[+30,25s] DEBUG: scanner.vala:1213: sane_start (page=0, pass=0) -> SANE_STATUS_GOOD
[+30,25s] DEBUG: scanner.vala:1230: sane_get_parameters () -> SANE_STATUS_GOOD
[+30,25s] DEBUG: scanner.vala:1242: Parameters: format=SANE_FRAME_GRAY last_frame=SANE_TRUE bytes_per_line=1232 pixels_per_line=1232 lines=1736 depth=8
[+30,25s] DEBUG: simple-scan.vala:348: Page is 1232 pixels wide, 1736 pixels high, 2 bits per pixel
[+30,25s] DEBUG: simple-scan.vala:282: Getting color profile for device brother3:bus2;dev1
[+30,31s] DEBUG: simple-scan.vala:302: Unable to find colord device brother3:bus2;dev1: property match 'Serial'='sane:brother3:bus2;dev1' does not exist
[+30,62s] DEBUG: scanner.vala:1314: sane_read (1233) -> (SANE_STATUS_GOOD, 1233)
