[+0.00s] DEBUG: simple-scan.vala:637: Starting Simple Scan 3.26.3, PID=14852
[+0.15s] DEBUG: scanner.vala:1454: sane_init () -> SANE_STATUS_GOOD
[+0.15s] DEBUG: scanner.vala:1460: SANE version 1.0.27
[+0.15s] DEBUG: scanner.vala:1521: Requesting redetection of scan devices
[+0.15s] DEBUG: scanner.vala:806: Processing request
[+3.08s] DEBUG: simple-scan.vala:454: Requesting scan at 300 dpi from device '(null)'
[+3.08s] DEBUG: scanner.vala:1569: Scanner.scan ("(null)", dpi=300, scan_mode=ScanMode.COLOR, depth=8, type=ScanType.SINGLE, paper_width=2159, paper_height=2794, brightness=0, contrast=0, delay=15ms)
[+6.98s] DEBUG: scanner.vala:341: sane_get_devices () -> SANE_STATUS_GOOD
[+6.98s] DEBUG: scanner.vala:353: Device: name="brother4:net1;dev0" vendor="Brother" model="*mfcj985dwxl" type="MFCJ985DW"
[+6.98s] DEBUG: scanner.vala:353: Device: name="brother4:bus2;dev7" vendor="Brother" model="MFC-J985DW" type="USB scanner"
[+6.98s] DEBUG: scanner.vala:806: Processing request
[+8.67s] DEBUG: scanner.vala:867: sane_open ("brother4:net1;dev0") -> SANE_STATUS_GOOD
[+8.67s] DEBUG: scanner.vala:888: sane_get_option_descriptor (0)
[+8.67s] DEBUG: scanner.vala:738: Option 0: name='(null)' title='Number of options' type=bool size=4 cap=soft-detect
[+8.67s] DEBUG: scanner.vala:741: Description: Read-only option that specifies how many options a specific devices supports.
[+8.67s] DEBUG: scanner.vala:888: sane_get_option_descriptor (1)
[+8.67s] DEBUG: scanner.vala:738: Option 1: name='(null)' title='Mode' type=group size=4 cap=advanced
[+8.67s] DEBUG: scanner.vala:741: Description:
[+8.67s] DEBUG: scanner.vala:888: sane_get_option_descriptor (2)
[+8.67s] DEBUG: scanner.vala:738: Option 2: name='mode' title='Scan mode' type=string size=30 values=["Black & White", "Gray[Error Diffusion]", "True Gray", "24bit Color", "24bit Color[Fast]"] cap=soft-select,soft-detect
[+8.67s] DEBUG: scanner.vala:741: Description: Select the scan mode
[+8.67s] DEBUG: scanner.vala:888: sane_get_option_descriptor (3)
[+8.67s] DEBUG: scanner.vala:738: Option 3: name='resolution' title='Scan resolution' type=int size=4 unit=dpi values=[100, 150, 200, 300, 400, 600, 1200, 2400, 4800, 9600] cap=soft-select,soft-detect
[+8.67s] DEBUG: scanner.vala:741: Description: Sets the resolution of the scanned image.
[+8.67s] DEBUG: scanner.vala:888: sane_get_option_descriptor (4)
[+8.67s] DEBUG: scanner.vala:738: Option 4: name='source' title='Scan source' type=string size=64 values=["FlatBed", "Automatic Document Feeder(left aligned)", "Automatic Document Feeder(left aligned,Duplex)", "Automatic Document Feeder(centrally aligned)", "Automatic Document Feeder(centrally aligned,Duplex)"] cap=soft-select,soft-detect
[+8.67s] DEBUG: scanner.vala:741: Description: Selects the scan source (such as a document-feeder).
[+8.67s] DEBUG: scanner.vala:888: sane_get_option_descriptor (5)
[+8.67s] DEBUG: scanner.vala:738: Option 5: name='brightness' title='Brightness' type=fixed size=4 unit=percent min=-50.000000, max=50.000000, quant=65536 cap=soft-select,soft-detect,inactive
[+8.67s] DEBUG: scanner.vala:741: Description: Controls the brightness of the acquired image.
[+8.67s] DEBUG: scanner.vala:888: sane_get_option_descriptor (6)
[+8.67s] DEBUG: scanner.vala:738: Option 6: name='contrast' title='Contrast' type=fixed size=4 unit=percent min=-50.000000, max=50.000000, quant=65536 cap=soft-select,soft-detect,inactive
[+8.67s] DEBUG: scanner.vala:741: Description: Controls the contrast of the acquired image.
[+8.67s] DEBUG: scanner.vala:888: sane_get_option_descriptor (7)
[+8.67s] DEBUG: scanner.vala:738: Option 7: name='(null)' title='Geometry' type=group size=4 cap=advanced
[+8.67s] DEBUG: scanner.vala:741: Description:
[+8.67s] DEBUG: scanner.vala:888: sane_get_option_descriptor (8)
[+8.67s] DEBUG: scanner.vala:738: Option 8: name='tl-x' title='Top-left x' type=fixed size=4 unit=mm min=0.000000, max=215.899994, quant=6553 cap=soft-select,soft-detect
[+8.67s] DEBUG: scanner.vala:741: Description: Top-left x position of scan area.
[+8.67s] DEBUG: scanner.vala:888: sane_get_option_descriptor (9)
[+8.67s] DEBUG: scanner.vala:738: Option 9: name='tl-y' title='Top-left y' type=fixed size=4 unit=mm min=0.000000, max=355.599991, quant=6553 cap=soft-select,soft-detect
[+8.67s] DEBUG: scanner.vala:741: Description: Top-left y position of scan area.
[+8.67s] DEBUG: scanner.vala:888: sane_get_option_descriptor (10)
[+8.67s] DEBUG: scanner.vala:738: Option 10: name='br-x' title='Bottom-right x' type=fixed size=4 unit=mm min=0.000000, max=215.899994, quant=6553 cap=soft-select,soft-detect
[+8.67s] DEBUG: scanner.vala:741: Description: Bottom-right x position of scan area.
[+8.67s] DEBUG: scanner.vala:888: sane_get_option_descriptor (11)
[+8.67s] DEBUG: scanner.vala:738: Option 11: name='br-y' title='Bottom-right y' type=fixed size=4 unit=mm min=0.000000, max=355.599991, quant=6553 cap=soft-select,soft-detect
[+8.67s] DEBUG: scanner.vala:741: Description: Bottom-right y position of scan area.
[+8.67s] DEBUG: scanner.vala:888: sane_get_option_descriptor (12)
[+8.67s] DEBUG: scanner.vala:549: sane_control_option (4, SANE_ACTION_SET_VALUE, "FlatBed") -> (SANE_STATUS_GOOD, "FlatBed")
[+8.67s] DEBUG: scanner.vala:549: sane_control_option (2, SANE_ACTION_SET_VALUE, "24bit Color") -> (SANE_STATUS_GOOD, "24bit Color")
[+8.67s] DEBUG: scanner.vala:465: sane_control_option (3, SANE_ACTION_SET_VALUE, 300) -> (SANE_STATUS_GOOD, 300)
[+8.67s] DEBUG: scanner.vala:505: sane_control_option (10, SANE_ACTION_SET_VALUE, 215.900000) -> (SANE_STATUS_GOOD, 215.880234)
[+8.67s] DEBUG: scanner.vala:505: sane_control_option (11, SANE_ACTION_SET_VALUE, 279.400000) -> (SANE_STATUS_GOOD, 279.374420)
[+13.99s] DEBUG: scanner.vala:1217: sane_start (page=0, pass=0) -> SANE_STATUS_GOOD
[+13.99s] DEBUG: scanner.vala:1234: sane_get_parameters () -> SANE_STATUS_GOOD
[+13.99s] DEBUG: scanner.vala:1246: Parameters: format=SANE_FRAME_RGB last_frame=SANE_TRUE bytes_per_line=7536 pixels_per_line=2512 lines=3298 depth=8
[+13.99s] DEBUG: simple-scan.vala:349: Page is 2512 pixels wide, 3298 pixels high, 8 bits per pixel
[+14.01s] DEBUG: simple-scan.vala:283: Getting color profile for device brother4:net1;dev0
[+14.02s] DEBUG: simple-scan.vala:303: Unable to find colord device brother4:net1;dev0: property match 'Serial'='sane:brother4:net1;dev0' does not exist
