[+0.00s] DEBUG: simple-scan.vala:638: Starting Simple Scan 3.30.1.1, PID=10642
[+0.20s] DEBUG: scanner.vala:1461: sane_init () -> SANE_STATUS_GOOD
[+0.20s] DEBUG: scanner.vala:1467: SANE version 1.0.27
[+0.20s] DEBUG: scanner.vala:1528: Requesting redetection of scan devices
[+0.20s] DEBUG: scanner.vala:806: Processing request
[+0.20s] DEBUG: autosave-manager.vala:281: Autosaving book information
[+2.39s] DEBUG: simple-scan.vala:455: Requesting scan at 300 dpi from device '(null)'
[+2.39s] DEBUG: scanner.vala:1576: Scanner.scan ("(null)", dpi=300, scan_mode=ScanMode.COLOR, depth=8, type=ScanType.SINGLE, paper_width=0, paper_height=0, brightness=0, contrast=0, delay=10000ms)
[+7.87s] DEBUG: scanner.vala:341: sane_get_devices () -> SANE_STATUS_GOOD
[+7.87s] DEBUG: scanner.vala:353: Device: name="pixma:MG6800_192.168.0.19" vendor="CANON" model="Canon PIXMA MG6800 Series" type="multi-function peripheral"
[+7.87s] DEBUG: scanner.vala:806: Processing request
[+8.48s] DEBUG: scanner.vala:867: sane_open ("pixma:MG6800_192.168.0.19") -> SANE_STATUS_GOOD
[+8.48s] DEBUG: scanner.vala:888: sane_get_option_descriptor (0)
[+8.48s] DEBUG: scanner.vala:738: Option 0: title='Number of options' type=int size=4 cap=soft-detect
[+8.48s] DEBUG: scanner.vala:741:   Description: Read-only option that specifies how many options a specific devices supports.
[+8.48s] DEBUG: scanner.vala:888: sane_get_option_descriptor (1)
[+8.48s] DEBUG: scanner.vala:738: Option 1: name='(null)' title='Scan mode' type=group size=0
[+8.48s] DEBUG: scanner.vala:741:   Description: Scan mode
[+8.48s] DEBUG: scanner.vala:888: sane_get_option_descriptor (2)
[+8.48s] DEBUG: scanner.vala:738: Option 2: name='resolution' title='Scan resolution' type=int size=4 unit=dpi values=[75, 150, 300, 600, 1200] cap=soft-select,soft-detect,automatic
[+8.48s] DEBUG: scanner.vala:741:   Description: Sets the resolution of the scanned image.
[+8.48s] DEBUG: scanner.vala:888: sane_get_option_descriptor (3)
[+8.48s] DEBUG: scanner.vala:738: Option 3: name='mode' title='Scan mode' type=string size=31 values=["Color", "Gray", "Lineart"] cap=soft-select,soft-detect,automatic
[+8.48s] DEBUG: scanner.vala:741:   Description: Selects the scan mode (e.g., lineart, monochrome, or color).
[+8.48s] DEBUG: scanner.vala:888: sane_get_option_descriptor (4)
[+8.48s] DEBUG: scanner.vala:738: Option 4: name='source' title='Scan source' type=string size=31 values=["Flatbed"] cap=soft-select,soft-detect
[+8.48s] DEBUG: scanner.vala:741:   Description: Selects the scan source (such as a document-feeder). Set source before mode and resolution. Resets mode and resolution to auto values.
[+8.48s] DEBUG: scanner.vala:888: sane_get_option_descriptor (5)
[+8.48s] DEBUG: scanner.vala:738: Option 5: name='button-controlled' title='Button-controlled scan' type=bool size=4 cap=soft-select,soft-detect
[+8.48s] DEBUG: scanner.vala:741:   Description: When enabled, scan process will not start immediately. To proceed, press "SCAN" button (for MP150) or "COLOR" button (for other models). To cancel, press "GRAY" button.
[+8.48s] DEBUG: scanner.vala:888: sane_get_option_descriptor (6)
[+8.48s] DEBUG: scanner.vala:738: Option 6: name='(null)' title='Gamma' type=group size=0
[+8.48s] DEBUG: scanner.vala:741:   Description: Gamma
[+8.48s] DEBUG: scanner.vala:888: sane_get_option_descriptor (7)
[+8.48s] DEBUG: scanner.vala:738: Option 7: name='custom-gamma' title='Use custom gamma table' type=bool size=4 cap=soft-select,soft-detect,automatic
[+8.48s] DEBUG: scanner.vala:741:   Description: Determines whether a builtin or a custom gamma-table should be used.
[+8.48s] DEBUG: scanner.vala:888: sane_get_option_descriptor (8)
[+8.48s] DEBUG: scanner.vala:738: Option 8: name='gamma-table' title='Image intensity' type=int size=16384 min=0, max=255, quant=0 cap=soft-select,soft-detect,automatic
[+8.48s] DEBUG: scanner.vala:741:   Description: Gamma-correction table.  In color mode this option equally affects the red, green, and blue channels simultaneously (i.e., it is an intensity gamma table).
[+8.48s] DEBUG: scanner.vala:888: sane_get_option_descriptor (9)
[+8.48s] DEBUG: scanner.vala:738: Option 9: name='gamma' title='Gamma function exponent' type=fixed size=4 min=0.299988, max=5.000000, quant=0 cap=soft-select,soft-detect,automatic
[+8.48s] DEBUG: scanner.vala:741:   Description: Changes intensity of midtones
[+8.48s] DEBUG: scanner.vala:888: sane_get_option_descriptor (10)
[+8.48s] DEBUG: scanner.vala:738: Option 10: name='(null)' title='Geometry' type=group size=0
[+8.48s] DEBUG: scanner.vala:741:   Description: Geometry
[+8.48s] DEBUG: scanner.vala:888: sane_get_option_descriptor (11)
[+8.48s] DEBUG: scanner.vala:738: Option 11: name='tl-x' title='Top-left x' type=fixed size=4 unit=mm min=0.000000, max=216.069321, quant=0 cap=soft-select,soft-detect,automatic
[+8.48s] DEBUG: scanner.vala:741:   Description: Top-left x position of scan area.
[+8.48s] DEBUG: scanner.vala:888: sane_get_option_descriptor (12)
[+8.48s] DEBUG: scanner.vala:738: Option 12: name='tl-y' title='Top-left y' type=fixed size=4 unit=mm min=0.000000, max=297.010666, quant=0 cap=soft-select,soft-detect,automatic
[+8.48s] DEBUG: scanner.vala:741:   Description: Top-left y position of scan area.
[+8.48s] DEBUG: scanner.vala:888: sane_get_option_descriptor (13)
[+8.48s] DEBUG: scanner.vala:738: Option 13: name='br-x' title='Bottom-right x' type=fixed size=4 unit=mm min=0.000000, max=216.069321, quant=0 cap=soft-select,soft-detect,automatic
[+8.48s] DEBUG: scanner.vala:741:   Description: Bottom-right x position of scan area.
[+8.48s] DEBUG: scanner.vala:888: sane_get_option_descriptor (14)
[+8.48s] DEBUG: scanner.vala:738: Option 14: name='br-y' title='Bottom-right y' type=fixed size=4 unit=mm min=0.000000, max=297.010666, quant=0 cap=soft-select,soft-detect,automatic
[+8.48s] DEBUG: scanner.vala:741:   Description: Bottom-right y position of scan area.
[+8.48s] DEBUG: scanner.vala:888: sane_get_option_descriptor (15)
[+8.48s] DEBUG: scanner.vala:738: Option 15: name='(null)' title='Buttons' type=group size=0
[+8.48s] DEBUG: scanner.vala:741:   Description: Buttons
[+8.48s] DEBUG: scanner.vala:888: sane_get_option_descriptor (16)
[+8.48s] DEBUG: scanner.vala:738: Option 16: name='button-update' title='Update button state' type=button size=0 cap=soft-select,soft-detect,advanced
[+8.48s] DEBUG: scanner.vala:741:   Description: Update button state
[+8.48s] DEBUG: scanner.vala:888: sane_get_option_descriptor (17)
[+8.48s] DEBUG: scanner.vala:738: Option 17: name='button-1' title='Button 1' type=int size=4 cap=soft-detect,advanced
[+8.48s] DEBUG: scanner.vala:741:   Description: Button 1
[+8.48s] DEBUG: scanner.vala:888: sane_get_option_descriptor (18)
[+8.48s] DEBUG: scanner.vala:738: Option 18: name='button-2' title='Button 2' type=int size=4 cap=soft-detect,advanced
[+8.48s] DEBUG: scanner.vala:741:   Description: Button 2
[+8.48s] DEBUG: scanner.vala:888: sane_get_option_descriptor (19)
[+8.48s] DEBUG: scanner.vala:738: Option 19: name='original' title='Type of original to scan' type=int size=4 cap=soft-detect,advanced
[+8.48s] DEBUG: scanner.vala:741:   Description: Type of original to scan
[+8.48s] DEBUG: scanner.vala:888: sane_get_option_descriptor (20)
[+8.48s] DEBUG: scanner.vala:738: Option 20: name='target' title='Target operation type' type=int size=4 cap=soft-detect,advanced
[+8.48s] DEBUG: scanner.vala:741:   Description: Target operation type
[+8.48s] DEBUG: scanner.vala:888: sane_get_option_descriptor (21)
[+8.48s] DEBUG: scanner.vala:738: Option 21: name='scan-resolution' title='Scan resolution' type=int size=4 cap=soft-detect,advanced
[+8.48s] DEBUG: scanner.vala:741:   Description: Scan resolution
[+8.48s] DEBUG: scanner.vala:888: sane_get_option_descriptor (22)
[+8.48s] DEBUG: scanner.vala:738: Option 22: name='(null)' title='Extras' type=group size=0
[+8.48s] DEBUG: scanner.vala:741:   Description: Extras
[+8.48s] DEBUG: scanner.vala:888: sane_get_option_descriptor (23)
[+8.48s] DEBUG: scanner.vala:738: Option 23: name='threshold' title='Threshold' type=int size=4 unit=percent min=0, max=100, quant=1 cap=soft-select,soft-detect,automatic,inactive
[+8.48s] DEBUG: scanner.vala:741:   Description: Select minimum-brightness to get a white point
[+8.48s] DEBUG: scanner.vala:888: sane_get_option_descriptor (24)
[+8.48s] DEBUG: scanner.vala:738: Option 24: name='threshold-curve' title='Threshold curve' type=int size=4 min=0, max=127, quant=1 cap=soft-select,soft-detect,automatic,inactive
[+8.48s] DEBUG: scanner.vala:741:   Description: Dynamic threshold curve, from light to dark, normally 50-65
[+8.48s] DEBUG: scanner.vala:888: sane_get_option_descriptor (25)
[+8.48s] DEBUG: scanner.vala:738: Option 25: name='adf-wait' title='ADF Waiting Time' type=int size=4 min=0, max=3600, quant=1 cap=soft-select,soft-detect,automatic,inactive
[+8.48s] DEBUG: scanner.vala:741:   Description: When set, the scanner searches the waiting time in seconds for a new document inserted into the automatic document feeder.
[+8.48s] DEBUG: scanner.vala:888: sane_get_option_descriptor (26)
[+8.48s] DEBUG: scanner.vala:549: sane_control_option (4, SANE_ACTION_SET_VALUE, "Flatbed") -> (SANE_STATUS_GOOD, "Flatbed")
[+8.48s] DEBUG: scanner.vala:549: sane_control_option (3, SANE_ACTION_SET_VALUE, "Color") -> (SANE_STATUS_GOOD, "Color")
[+8.48s] DEBUG: scanner.vala:465: sane_control_option (2, SANE_ACTION_SET_VALUE, 300) -> (SANE_STATUS_GOOD, 300)
[+8.48s] DEBUG: scanner.vala:533: sane_control_option (13, SANE_ACTION_SET_VALUE, option.range.max) -> (SANE_STATUS_GOOD)
[+8.48s] DEBUG: scanner.vala:533: sane_control_option (14, SANE_ACTION_SET_VALUE, option.range.max) -> (SANE_STATUS_GOOD)
[+8.48s] DEBUG: scanner.vala:1217: sane_start (page=0, pass=0) -> SANE_STATUS_GOOD
[+8.48s] DEBUG: scanner.vala:1234: sane_get_parameters () -> SANE_STATUS_GOOD
[+8.48s] DEBUG: scanner.vala:1246: Parameters: format=SANE_FRAME_RGB last_frame=SANE_TRUE bytes_per_line=7656 pixels_per_line=2552 lines=3508 depth=8
[+8.48s] DEBUG: simple-scan.vala:350: Page is 2552 pixels wide, 3508 pixels high, 8 bits per pixel
[+8.51s] DEBUG: simple-scan.vala:284: Getting color profile for device pixma:MG6800_192.168.0.19
[+8.52s] DEBUG: simple-scan.vala:304: Unable to find colord device pixma:MG6800_192.168.0.19: property match 'Serial'='sane:pixma:MG6800_192.168.0.19' does not exist
[+17.13s] DEBUG: scanner.vala:1321: sane_read (7657) -> (SANE_STATUS_GOOD, 7657)
