[+0,00s] DEBUG: simple-scan.vala:674: Starting Simple Scan 3.20.0, PID=19999
[+0,55s] DEBUG: scanner.vala:1447: sane_init () -> SANE_STATUS_GOOD
[+0,55s] DEBUG: scanner.vala:1453: SANE version 1.0.25
[+0,55s] DEBUG: scanner.vala:1514: Requesting redetection of scan devices
[+0,55s] DEBUG: scanner.vala:803: Processing request
[+3,51s] DEBUG: simple-scan.vala:404: Requesting scan at 300 dpi from device '(null)'
[+3,51s] DEBUG: scanner.vala:1560: Scanner.scan ("(null)", dpi=300, scan_mode=ScanMode.COLOR, depth=8, type=ScanType.SINGLE, paper_width=0, paper_height=0, brightness=0, contrast=0)
[+7,11s] DEBUG: scanner.vala:338: sane_get_devices () -> SANE_STATUS_GOOD
[+7,11s] DEBUG: scanner.vala:350: Device: name="imagescan:usb:esci:/sys/devices/pci0000:00/0000:00:1d.7/usb1/1-2/1-2:1.0" vendor="EPSON" model="EPSON_XP-230_Series" type=""
[+7,11s] DEBUG: scanner.vala:803: Processing request
[+7,33s] DEBUG: scanner.vala:864: sane_open ("imagescan:usb:esci:/sys/devices/pci0000:00/0000:00:1d.7/usb1/1-2/1-2:1.0") -> SANE_STATUS_GOOD
[+7,33s] DEBUG: scanner.vala:885: sane_get_option_descriptor (0)
[+7,33s] DEBUG: scanner.vala:735: Option 0: type=int size=4 cap=soft-detect,advanced
[+7,33s] DEBUG: scanner.vala:738:   Description:
[+7,33s] DEBUG: scanner.vala:885: sane_get_option_descriptor (1)
[+7,33s] DEBUG: scanner.vala:735: Option 1: name='device-02-general' title='General' type=group size=0 cap=inactive
[+7,33s] DEBUG: scanner.vala:738:   Description: Basic options.
[+7,33s] DEBUG: scanner.vala:885: sane_get_option_descriptor (2)
[+7,33s] DEBUG: scanner.vala:735: Option 2: name='source' title='Document Source' type=string size=15 values=["Document Table"] cap=soft-detect
[+7,33s] DEBUG: scanner.vala:738:   Description: Document Source
[+7,33s] DEBUG: scanner.vala:885: sane_get_option_descriptor (3)
[+7,33s] DEBUG: scanner.vala:735: Option 3: name='resolution' title='Resolution' type=int size=4 unit=dpi min=75, max=1200, quant=0 cap=soft-select,soft-detect
[+7,33s] DEBUG: scanner.vala:738:   Description: Resolution
[+7,33s] DEBUG: scanner.vala:885: sane_get_option_descriptor (4)
[+7,33s] DEBUG: scanner.vala:735: Option 4: name='scan-area' title='Scan Area' type=string size=19 values=["Executive/Portrait", "ISO/A4/Portrait", "ISO/A5/Portrait", "ISO/A5/Landscape", "ISO/A6/Portrait", "ISO/A6/Landscape", "JIS/B5/Portrait", "JIS/B6/Portrait", "JIS/B6/Landscape", "Letter/Portrait", "Manual", "Maximum"] cap=soft-select,soft-detect
[+7,33s] DEBUG: scanner.vala:738:   Description: Scan Area
[+7,33s] DEBUG: scanner.vala:885: sane_get_option_descriptor (5)
[+7,33s] DEBUG: scanner.vala:735: Option 5: name='mode' title='Image Type' type=string size=11 values=["Monochrome", "Grayscale", "Color"] cap=soft-select,soft-detect,emulated
[+7,33s] DEBUG: scanner.vala:738:   Description: Image Type
[+7,33s] DEBUG: scanner.vala:885: sane_get_option_descriptor (6)
[+7,33s] DEBUG: scanner.vala:735: Option 6: name='device-03-geometry' title='Geometry' type=group size=0 cap=inactive
[+7,33s] DEBUG: scanner.vala:738:   Description: Scan area and image size related options.
[+7,33s] DEBUG: scanner.vala:885: sane_get_option_descriptor (7)
[+7,33s] DEBUG: scanner.vala:735: Option 7: name='br-x' title='Bottom Right X' type=fixed size=4 unit=mm min=0,000000, max=215,899994, quant=0 cap=soft-select,soft-detect
[+7,33s] DEBUG: scanner.vala:738:   Description: Bottom Right X
[+7,33s] DEBUG: scanner.vala:885: sane_get_option_descriptor (8)
[+7,33s] DEBUG: scanner.vala:735: Option 8: name='br-y' title='Bottom Right Y' type=fixed size=4 unit=mm min=0,000000, max=297,179993, quant=0 cap=soft-select,soft-detect
[+7,33s] DEBUG: scanner.vala:738:   Description: Bottom Right Y
[+7,33s] DEBUG: scanner.vala:885: sane_get_option_descriptor (9)
[+7,33s] DEBUG: scanner.vala:735: Option 9: name='tl-x' title='Top Left X' type=fixed size=4 unit=mm min=0,000000, max=215,899994, quant=0 cap=soft-select,soft-detect
[+7,33s] DEBUG: scanner.vala:738:   Description: Top Left X
[+7,33s] DEBUG: scanner.vala:885: sane_get_option_descriptor (10)
[+7,33s] DEBUG: scanner.vala:735: Option 10: name='tl-y' title='Top Left Y' type=fixed size=4 unit=mm min=0,000000, max=297,179993, quant=0 cap=soft-select,soft-detect
[+7,33s] DEBUG: scanner.vala:738:   Description: Top Left Y
[+7,33s] DEBUG: scanner.vala:885: sane_get_option_descriptor (11)
[+7,33s] DEBUG: scanner.vala:735: Option 11: name='device-04-enhancement' title='Enhancement' type=group size=0 cap=inactive
[+7,33s] DEBUG: scanner.vala:738:   Description: Image modification options.
[+7,33s] DEBUG: scanner.vala:885: sane_get_option_descriptor (12)
[+7,33s] DEBUG: scanner.vala:735: Option 12: name='rotate' title='Rotate' type=string size=12 values=["0 degrees", "90 degrees", "180 degrees", "270 degrees", "Auto"] cap=soft-select,soft-detect,emulated
[+7,33s] DEBUG: scanner.vala:738:   Description: Rotate
[+7,33s] DEBUG: scanner.vala:885: sane_get_option_descriptor (13)
[+7,33s] DEBUG: scanner.vala:735: Option 13: name='blank-threshold' title='Skip Blank Pages Settings' type=fixed size=4 min=0,000000, max=100,000000, quant=0 cap=soft-select,soft-detect,emulated
[+7,33s] DEBUG: scanner.vala:738:   Description: Skip Blank Pages Settings
[+7,33s] DEBUG: scanner.vala:885: sane_get_option_descriptor (14)
[+7,33s] DEBUG: scanner.vala:735: Option 14: name='brightness' title='Brilho' type=fixed size=4 min=-1,000000, max=1,000000, quant=0 cap=soft-select,soft-detect,emulated
[+7,33s] DEBUG: scanner.vala:738:   Description: Change brightness of the acquired image.
[+7,33s] DEBUG: scanner.vala:885: sane_get_option_descriptor (15)
[+7,33s] DEBUG: scanner.vala:735: Option 15: name='contrast' title='Contraste' type=fixed size=4 min=-1,000000, max=1,000000, quant=0 cap=soft-select,soft-detect,emulated
[+7,33s] DEBUG: scanner.vala:738:   Description: Change contrast of the acquired image.
[+7,33s] DEBUG: scanner.vala:885: sane_get_option_descriptor (16)
[+7,33s] DEBUG: scanner.vala:735: Option 16: name='threshold' title='Threshold' type=int size=4 min=0, max=255, quant=0 cap=soft-select,soft-detect,emulated
[+7,33s] DEBUG: scanner.vala:738:   Description: Threshold
[+7,33s] DEBUG: scanner.vala:885: sane_get_option_descriptor (17)
[+7,33s] DEBUG: scanner.vala:735: Option 17: name='device--' title='Other' type=group size=0 cap=inactive
[+7,33s] DEBUG: scanner.vala:738:   Description:
[+7,33s] DEBUG: scanner.vala:885: sane_get_option_descriptor (18)
[+7,33s] DEBUG: scanner.vala:735: Option 18: name='cct-1' type=fixed size=4 cap=soft-select,soft-detect,advanced
[+7,33s] DEBUG: scanner.vala:738:   Description:
[+7,33s] DEBUG: scanner.vala:885: sane_get_option_descriptor (19)
[+7,33s] DEBUG: scanner.vala:735: Option 19: name='cct-2' type=fixed size=4 cap=soft-select,soft-detect,advanced
[+7,33s] DEBUG: scanner.vala:738:   Description:
[+7,33s] DEBUG: scanner.vala:885: sane_get_option_descriptor (20)
[+7,33s] DEBUG: scanner.vala:735: Option 20: name='cct-3' type=fixed size=4 cap=soft-select,soft-detect,advanced
[+7,33s] DEBUG: scanner.vala:738:   Description:
[+7,33s] DEBUG: scanner.vala:885: sane_get_option_descriptor (21)
[+7,33s] DEBUG: scanner.vala:735: Option 21: name='cct-4' type=fixed size=4 cap=soft-select,soft-detect,advanced
[+7,33s] DEBUG: scanner.vala:738:   Description:
[+7,33s] DEBUG: scanner.vala:885: sane_get_option_descriptor (22)
[+7,33s] DEBUG: scanner.vala:735: Option 22: name='cct-5' type=fixed size=4 cap=soft-select,soft-detect,advanced
[+7,33s] DEBUG: scanner.vala:738:   Description:
[+7,33s] DEBUG: scanner.vala:885: sane_get_option_descriptor (23)
[+7,33s] DEBUG: scanner.vala:735: Option 23: name='cct-6' type=fixed size=4 cap=soft-select,soft-detect,advanced
[+7,33s] DEBUG: scanner.vala:738:   Description:
[+7,33s] DEBUG: scanner.vala:885: sane_get_option_descriptor (24)
[+7,33s] DEBUG: scanner.vala:735: Option 24: name='cct-7' type=fixed size=4 cap=soft-select,soft-detect,advanced
[+7,33s] DEBUG: scanner.vala:738:   Description:
[+7,33s] DEBUG: scanner.vala:885: sane_get_option_descriptor (25)
[+7,33s] DEBUG: scanner.vala:735: Option 25: name='cct-8' type=fixed size=4 cap=soft-select,soft-detect,advanced
[+7,33s] DEBUG: scanner.vala:738:   Description:
[+7,33s] DEBUG: scanner.vala:885: sane_get_option_descriptor (26)
[+7,33s] DEBUG: scanner.vala:735: Option 26: name='cct-9' type=fixed size=4 cap=soft-select,soft-detect,advanced
[+7,33s] DEBUG: scanner.vala:738:   Description:
[+7,33s] DEBUG: scanner.vala:885: sane_get_option_descriptor (27)
[+7,33s] DEBUG: scanner.vala:735: Option 27: name='gamma' title='Gamma' type=string size=4 values=["1.0", "1.8"] cap=soft-select,soft-detect,advanced
[+7,33s] DEBUG: scanner.vala:738:   Description: Gamma
[+7,33s] DEBUG: scanner.vala:885: sane_get_option_descriptor (28)
[+7,33s] DEBUG: scanner.vala:735: Option 28: name='line-count' title='Line Count' type=int size=4 min=0, max=255, quant=0 cap=soft-select,soft-detect,advanced
[+7,33s] DEBUG: scanner.vala:738:   Description: Specify how many scan lines to move from the device to the software in one transfer.  Note that 0 will use the maximum usable value.  Values larger than the maximum usable value are clamped to the maximum.
[+7,33s] DEBUG: scanner.vala:885: sane_get_option_descriptor (29)
[+7,33s] DEBUG: scanner.vala:735: Option 29: name='speed' title='Speed' type=bool size=4 cap=soft-select,soft-detect,advanced
[+7,33s] DEBUG: scanner.vala:738:   Description: Speed
[+7,33s] DEBUG: scanner.vala:885: sane_get_option_descriptor (30)
[+7,33s] DEBUG: scanner.vala:735: Option 30: name='sw-color-correction' type=bool size=4 cap=soft-select,soft-detect,advanced
[+7,33s] DEBUG: scanner.vala:738:   Description:
[+7,33s] DEBUG: scanner.vala:885: sane_get_option_descriptor (31)
[+7,33s] DEBUG: scanner.vala:735: Option 31: name='transfer-format' title='Transfer Format' type=string size=4 values=["RAW"] cap=soft-detect
[+7,33s] DEBUG: scanner.vala:738:   Description: Transfer Format
[+7,33s] DEBUG: scanner.vala:885: sane_get_option_descriptor (32)
[+7,33s] WARNING: scanner.vala:950: Unable to set single page source, please file a bug
[+7,33s] DEBUG: scanner.vala:546: sane_control_option (5, SANE_ACTION_SET_VALUE, "Color") -> (SANE_STATUS_GOOD, "Color")
[+7,34s] DEBUG: scanner.vala:462: sane_control_option (3, SANE_ACTION_SET_VALUE, 300) -> (SANE_STATUS_GOOD, 300)
[+7,34s] DEBUG: scanner.vala:530: sane_control_option (7, SANE_ACTION_SET_VALUE, option.range.max) -> (SANE_STATUS_GOOD)
[+7,35s] DEBUG: scanner.vala:530: sane_control_option (8, SANE_ACTION_SET_VALUE, option.range.max) -> (SANE_STATUS_GOOD)
[+15,52s] DEBUG: scanner.vala:1213: sane_start (page=0, pass=0) -> SANE_STATUS_GOOD
[+15,52s] DEBUG: scanner.vala:1230: sane_get_parameters () -> SANE_STATUS_GOOD
[+15,52s] DEBUG: scanner.vala:1242: Parameters: format=SANE_FRAME_RGB last_frame=SANE_TRUE bytes_per_line=7647 pixels_per_line=2549 lines=3509 depth=8
[+15,52s] DEBUG: simple-scan.vala:348: Page is 2549 pixels wide, 3509 pixels high, 8 bits per pixel
[+15,60s] DEBUG: simple-scan.vala:282: Getting color profile for device imagescan:usb:esci:/sys/devices/pci0000:00/0000:00:1d.7/usb1/1-2/1-2:1.0
[+15,61s] DEBUG: simple-scan.vala:302: Unable to find colord device imagescan:usb:esci:/sys/devices/pci0000:00/0000:00:1d.7/usb1/1-2/1-2:1.0: property match 'Serial'='sane:imagescan:usb:esci:/sys/devices/pci0000:00/0000:00:1d.7/usb1/1-2/1-2:1.0' does not exist

[+51,24s] DEBUG: scanner.vala:1314: sane_read (7648) -> (SANE_STATUS_GOOD, 7648)
