[+0.00s] DEBUG: simple-scan.vala:637: Starting Simple Scan 3.26.3, PID=21107
[+0.10s] DEBUG: scanner.vala:1454: sane_init () -> SANE_STATUS_GOOD
[+0.10s] DEBUG: scanner.vala:1460: SANE version 1.0.27
[+0.10s] DEBUG: scanner.vala:1521: Requesting redetection of scan devices
[+0.10s] DEBUG: scanner.vala:806: Processing request
[+0.17s] DEBUG: autosave-manager.vala:281: Autosaving book information

[+2.09s] DEBUG: simple-scan.vala:454: Requesting scan at 300 dpi from device '(null)'
[+2.10s] DEBUG: scanner.vala:1569: Scanner.scan ("(null)", dpi=300, scan_mode=ScanMode.COLOR, depth=8, type=ScanType.SINGLE, paper_width=2100, paper_height=2970, brightness=0, contrast=0, delay=15ms)
[+6.37s] DEBUG: scanner.vala:341: sane_get_devices () -> SANE_STATUS_GOOD
[+6.37s] DEBUG: scanner.vala:353: Device: name="hpaio:/net/HP_OfficeJet_Pro_8730?ip=192.168.0.51" vendor="Hewlett-Packard" model="HP_OfficeJet_Pro_8730" type="all-in-one"
[+6.37s] DEBUG: scanner.vala:806: Processing request
[+7.10s] DEBUG: scanner.vala:867: sane_open ("hpaio:/net/HP_OfficeJet_Pro_8730?ip=192.168.0.51") -> SANE_STATUS_GOOD
[+7.10s] DEBUG: scanner.vala:888: sane_get_option_descriptor (0)
[+7.10s] DEBUG: scanner.vala:738: Option 0: name='option-cnt' title='Number of options' type=int size=4 cap=soft-detect
[+7.10s] DEBUG: scanner.vala:741:   Description: Read-only option that specifies how many options a specific devices supports.
[+7.10s] DEBUG: scanner.vala:888: sane_get_option_descriptor (1)
[+7.10s] DEBUG: scanner.vala:738: Option 1: name='mode-group' title='Scan mode' type=group size=0
[+7.10s] DEBUG: scanner.vala:888: sane_get_option_descriptor (2)
[+7.10s] DEBUG: scanner.vala:738: Option 2: name='mode' title='Scan mode' type=string size=32 values=["Lineart", "Gray", "Color"] cap=soft-select,soft-detect
[+7.10s] DEBUG: scanner.vala:741:   Description: Selects the scan mode (e.g., lineart, monochrome, or color).
[+7.10s] DEBUG: scanner.vala:888: sane_get_option_descriptor (3)
[+7.10s] DEBUG: scanner.vala:738: Option 3: name='resolution' title='Scan resolution' type=int size=4 unit=dpi values=[75, 100, 200, 300] cap=soft-select,soft-detect
[+7.10s] DEBUG: scanner.vala:741:   Description: Sets the resolution of the scanned image.
[+7.10s] DEBUG: scanner.vala:888: sane_get_option_descriptor (4)
[+7.10s] DEBUG: scanner.vala:738: Option 4: name='source' title='Scan source' type=string size=32 values=["Flatbed", "ADF", "Duplex"] cap=soft-select,soft-detect
[+7.10s] DEBUG: scanner.vala:741:   Description: Selects the scan source (such as a document-feeder).
[+7.10s] DEBUG: scanner.vala:888: sane_get_option_descriptor (5)
[+7.10s] DEBUG: scanner.vala:738: Option 5: name='advanced-group' title='Advanced' type=group size=0 cap=advanced
[+7.10s] DEBUG: scanner.vala:888: sane_get_option_descriptor (6)
[+7.10s] DEBUG: scanner.vala:738: Option 6: name='brightness' title='Brightness' type=int size=4 min=0, max=2000, quant=0 cap=soft-select,soft-detect,advanced
[+7.10s] DEBUG: scanner.vala:741:   Description: Controls the brightness of the acquired image.
[+7.10s] DEBUG: scanner.vala:888: sane_get_option_descriptor (7)
[+7.10s] DEBUG: scanner.vala:738: Option 7: name='contrast' title='Contrast' type=int size=4 min=0, max=2000, quant=0 cap=soft-select,soft-detect,advanced
[+7.10s] DEBUG: scanner.vala:741:   Description: Controls the contrast of the acquired image.
[+7.10s] DEBUG: scanner.vala:888: sane_get_option_descriptor (8)
[+7.10s] DEBUG: scanner.vala:738: Option 8: name='compression' title='Compression' type=string size=32 values=["None", "JPEG"] cap=soft-select,soft-detect,advanced
[+7.10s] DEBUG: scanner.vala:741:   Description: Selects the scanner compression method for faster scans, possibly at the expense of image quality.
[+7.10s] DEBUG: scanner.vala:888: sane_get_option_descriptor (9)
[+7.10s] DEBUG: scanner.vala:738: Option 9: name='jpeg-quality' title='JPEG compression factor' type=int size=4 min=0, max=100, quant=0 cap=soft-select,soft-detect,inactive,advanced
[+7.10s] DEBUG: scanner.vala:741:   Description: Sets the scanner JPEG compression factor. Larger numbers mean better compression, and smaller numbers mean better image quality.
[+7.10s] DEBUG: scanner.vala:888: sane_get_option_descriptor (10)
[+7.10s] DEBUG: scanner.vala:738: Option 10: name='geometry-group' title='Geometry' type=group size=0 cap=advanced
[+7.10s] DEBUG: scanner.vala:888: sane_get_option_descriptor (11)
[+7.10s] DEBUG: scanner.vala:738: Option 11: name='tl-x' title='Top-left x' type=fixed size=4 unit=mm min=0.000000, max=215.900009, quant=0 cap=soft-select,soft-detect
[+7.10s] DEBUG: scanner.vala:741:   Description: Top-left x position of scan area.
[+7.10s] DEBUG: scanner.vala:888: sane_get_option_descriptor (12)
[+7.10s] DEBUG: scanner.vala:738: Option 12: name='tl-y' title='Top-left y' type=fixed size=4 unit=mm min=0.000000, max=357.039337, quant=0 cap=soft-select,soft-detect
[+7.10s] DEBUG: scanner.vala:741:   Description: Top-left y position of scan area.
[+7.10s] DEBUG: scanner.vala:888: sane_get_option_descriptor (13)
[+7.10s] DEBUG: scanner.vala:738: Option 13: name='br-x' title='Bottom-right x' type=fixed size=4 unit=mm min=0.000000, max=215.900009, quant=0 cap=soft-select,soft-detect
[+7.10s] DEBUG: scanner.vala:741:   Description: Bottom-right x position of scan area.
[+7.10s] DEBUG: scanner.vala:888: sane_get_option_descriptor (14)
[+7.10s] DEBUG: scanner.vala:738: Option 14: name='br-y' title='Bottom-right y' type=fixed size=4 unit=mm min=0.000000, max=357.039337, quant=0 cap=soft-select,soft-detect
[+7.10s] DEBUG: scanner.vala:741:   Description: Bottom-right y position of scan area.
[+7.10s] DEBUG: scanner.vala:888: sane_get_option_descriptor (15)
[+7.10s] DEBUG: scanner.vala:549: sane_control_option (4, SANE_ACTION_SET_VALUE, "Flatbed") -> (SANE_STATUS_GOOD, "Flatbed")
[+7.10s] DEBUG: scanner.vala:549: sane_control_option (2, SANE_ACTION_SET_VALUE, "Color") -> (SANE_STATUS_GOOD, "Color")
[+7.10s] DEBUG: scanner.vala:549: sane_control_option (8, SANE_ACTION_SET_VALUE, "None") -> (SANE_STATUS_GOOD, "None")
[+7.10s] DEBUG: scanner.vala:465: sane_control_option (3, SANE_ACTION_SET_VALUE, 300) -> (SANE_STATUS_GOOD, 300)
[+7.10s] DEBUG: scanner.vala:505: sane_control_option (13, SANE_ACTION_SET_VALUE, 210.000000) -> (SANE_STATUS_GOOD, 210.000000)
[+7.10s] DEBUG: scanner.vala:505: sane_control_option (14, SANE_ACTION_SET_VALUE, 297.000000) -> (SANE_STATUS_GOOD, 297.000000)
[+11.65s] DEBUG: scanner.vala:1217: sane_start (page=0, pass=0) -> SANE_STATUS_GOOD
[+11.65s] DEBUG: scanner.vala:1234: sane_get_parameters () -> SANE_STATUS_GOOD
[+11.65s] DEBUG: scanner.vala:1246: Parameters: format=SANE_FRAME_RGB last_frame=SANE_TRUE bytes_per_line=7440 pixels_per_line=2480 lines=3507 depth=8
[+11.65s] DEBUG: simple-scan.vala:349: Page is 2480 pixels wide, 3507 pixels high, 8 bits per pixel
[+11.67s] DEBUG: simple-scan.vala:283: Getting color profile for device hpaio:/net/HP_OfficeJet_Pro_8730?ip=192.168.0.51
[+11.67s] DEBUG: simple-scan.vala:303: Unable to find colord device hpaio:/net/HP_OfficeJet_Pro_8730?ip=192.168.0.51: property match 'Serial'='sane:hpaio:/net/HP_OfficeJet_Pro_8730?ip=192.168.0.51' does not exist
[+12.83s] DEBUG: scanner.vala:1321: sane_read (7441) -> (SANE_STATUS_GOOD, 7441)
