[+0.12s] DEBUG: simple-scan.vala:674: Starting Simple Scan 3.20.0, PID=17731
[+2.24s] DEBUG: scanner.vala:1447: sane_init () -> SANE_STATUS_GOOD
[+2.24s] DEBUG: scanner.vala:1453: SANE version 1.0.25
[+2.24s] DEBUG: scanner.vala:1514: Requesting redetection of scan devices
[+2.24s] DEBUG: scanner.vala:803: Processing request

[+6.10s] DEBUG: simple-scan.vala:404: Requesting scan at 1200 dpi from device '(null)'
[+6.10s] DEBUG: scanner.vala:1560: Scanner.scan ("(null)", dpi=1200, scan_mode=ScanMode.COLOR, depth=8, type=ScanType.SINGLE, paper_width=0, paper_height=0, brightness=0, contrast=0)
[+16.19s] DEBUG: scanner.vala:338: sane_get_devices () -> SANE_STATUS_GOOD
[+16.19s] DEBUG: scanner.vala:350: Device: name="hpaio:/usb/HP_LaserJet_Professional_M1132_MFP?serial=000000000QHA7DPJPR1a" vendor="Hewlett-Packard" model="HP_LaserJet_Professional_M1132_MFP" type="all-in-one"
[+16.19s] DEBUG: scanner.vala:803: Processing request
[+16.57s] DEBUG: scanner.vala:864: sane_open ("hpaio:/usb/HP_LaserJet_Professional_M1132_MFP?serial=000000000QHA7DPJPR1a") -> SANE_STATUS_GOOD
[+16.57s] DEBUG: scanner.vala:885: sane_get_option_descriptor (0)
[+16.57s] DEBUG: scanner.vala:735: Option 0: name='option-cnt' title='Number of options' type=int size=4 cap=soft-detect
[+16.57s] DEBUG: scanner.vala:738:   Description: Read-only option that specifies how many options a specific devices supports.
[+16.57s] DEBUG: scanner.vala:885: sane_get_option_descriptor (1)
[+16.57s] DEBUG: scanner.vala:735: Option 1: name='mode-group' title='Scan mode' type=group size=0
[+16.57s] DEBUG: scanner.vala:885: sane_get_option_descriptor (2)
[+16.57s] DEBUG: scanner.vala:735: Option 2: name='mode' title='Scan mode' type=string size=32 values=["Lineart", "Gray", "Color"] cap=soft-select,soft-detect
[+16.57s] DEBUG: scanner.vala:738:   Description: Selects the scan mode (e.g., lineart, monochrome, or color).
[+16.57s] DEBUG: scanner.vala:885: sane_get_option_descriptor (3)
[+16.57s] DEBUG: scanner.vala:735: Option 3: name='resolution' title='Scan resolution' type=int size=4 unit=dpi values=[75, 100, 150, 200, 300, 600, 1200] cap=soft-select,soft-detect
[+16.57s] DEBUG: scanner.vala:738:   Description: Sets the resolution of the scanned image.
[+16.57s] DEBUG: scanner.vala:885: sane_get_option_descriptor (4)
[+16.57s] DEBUG: scanner.vala:735: Option 4: name='source' title='Scan source' type=string size=32 values=["Flatbed"] cap=soft-select,soft-detect
[+16.57s] DEBUG: scanner.vala:738:   Description: Selects the scan source (such as a document-feeder).
[+16.57s] DEBUG: scanner.vala:885: sane_get_option_descriptor (5)
[+16.57s] DEBUG: scanner.vala:735: Option 5: name='advanced-group' title='Advanced' type=group size=0 cap=advanced
[+16.57s] DEBUG: scanner.vala:885: sane_get_option_descriptor (6)
[+16.57s] DEBUG: scanner.vala:735: Option 6: name='contrast' title='Contrast' type=int size=4 min=1, max=11, quant=0 cap=soft-select,soft-detect,advanced
[+16.57s] DEBUG: scanner.vala:738:   Description: Controls the contrast of the acquired image.
[+16.57s] DEBUG: scanner.vala:885: sane_get_option_descriptor (7)
[+16.57s] DEBUG: scanner.vala:735: Option 7: name='brightness' title='Brightness' type=int size=4 min=0, max=200, quant=0 cap=soft-select,soft-detect,advanced
[+16.57s] DEBUG: scanner.vala:738:   Description: Controls the brightness of the acquired image.
[+16.57s] DEBUG: scanner.vala:885: sane_get_option_descriptor (8)
[+16.57s] DEBUG: scanner.vala:735: Option 8: name='geometry-group' title='Geometry' type=group size=0 cap=advanced
[+16.57s] DEBUG: scanner.vala:885: sane_get_option_descriptor (9)
[+16.57s] DEBUG: scanner.vala:735: Option 9: name='tl-x' title='Top-left x' type=fixed size=4 unit=mm min=0.000000, max=215.899994, quant=0 cap=soft-select,soft-detect
[+16.57s] DEBUG: scanner.vala:738:   Description: Top-left x position of scan area.
[+16.57s] DEBUG: scanner.vala:885: sane_get_option_descriptor (10)
[+16.57s] DEBUG: scanner.vala:735: Option 10: name='tl-y' title='Top-left y' type=fixed size=4 unit=mm min=0.000000, max=381.000000, quant=0 cap=soft-select,soft-detect
[+16.57s] DEBUG: scanner.vala:738:   Description: Top-left y position of scan area.
[+16.57s] DEBUG: scanner.vala:885: sane_get_option_descriptor (11)
[+16.57s] DEBUG: scanner.vala:735: Option 11: name='br-x' title='Bottom-right x' type=fixed size=4 unit=mm min=0.000000, max=215.899994, quant=0 cap=soft-select,soft-detect
[+16.57s] DEBUG: scanner.vala:738:   Description: Bottom-right x position of scan area.
[+16.57s] DEBUG: scanner.vala:885: sane_get_option_descriptor (12)
[+16.57s] DEBUG: scanner.vala:735: Option 12: name='br-y' title='Bottom-right y' type=fixed size=4 unit=mm min=0.000000, max=381.000000, quant=0 cap=soft-select,soft-detect
[+16.57s] DEBUG: scanner.vala:738:   Description: Bottom-right y position of scan area.
[+16.57s] DEBUG: scanner.vala:885: sane_get_option_descriptor (13)
[+16.57s] DEBUG: scanner.vala:546: sane_control_option (4, SANE_ACTION_SET_VALUE, "Flatbed") -> (SANE_STATUS_GOOD, "Flatbed")
[+16.57s] DEBUG: scanner.vala:546: sane_control_option (2, SANE_ACTION_SET_VALUE, "Color") -> (SANE_STATUS_GOOD, "Color")
[+16.57s] DEBUG: scanner.vala:462: sane_control_option (3, SANE_ACTION_SET_VALUE, 1200) -> (SANE_STATUS_GOOD, 1200)
[+16.57s] DEBUG: scanner.vala:530: sane_control_option (11, SANE_ACTION_SET_VALUE, option.range.max) -> (SANE_STATUS_GOOD)
[+16.57s] DEBUG: scanner.vala:530: sane_control_option (12, SANE_ACTION_SET_VALUE, option.range.max) -> (SANE_STATUS_GOOD)
[+33.62s] DEBUG: scanner.vala:1213: sane_start (page=0, pass=0) -> SANE_STATUS_GOOD
[+33.62s] DEBUG: scanner.vala:1230: sane_get_parameters () -> SANE_STATUS_GOOD
[+33.62s] DEBUG: scanner.vala:1242: Parameters: format=SANE_FRAME_RGB last_frame=SANE_TRUE bytes_per_line=30432 pixels_per_line=10144 lines=18000 depth=8
[+33.62s] DEBUG: simple-scan.vala:348: Page is 10144 pixels wide, 18000 pixels high, 8 bits per pixel
[+33.79s] DEBUG: simple-scan.vala:282: Getting color profile for device hpaio:/usb/HP_LaserJet_Professional_M1132_MFP?serial=000000000QHA7DPJPR1a
[+33.79s] DEBUG: simple-scan.vala:302: Unable to find colord device hpaio:/usb/HP_LaserJet_Professional_M1132_MFP?serial=000000000QHA7DPJPR1a: property match 'Serial'='sane:hpaio:/usb/HP_LaserJet_Professional_M1132_MFP?serial=000000000QHA7DPJPR1a' does not exist
[+33.88s] DEBUG: scanner.vala:1314: sane_read (30433) -> (SANE_STATUS_GOOD, 30432)
