[+0,08s] DEBUG: scanner.vala:1502: SANE version 1.0.27
[+0,08s] DEBUG: scanner.vala:1563: Requesting redetection of scan devices
[+0,08s] DEBUG: scanner.vala:810: Processing request
[+6,51s] DEBUG: simple-scan.vala:455: Requesting scan at 75 dpi from device '(null)'
[+6,51s] DEBUG: scanner.vala:1631: Scanner.scan ("(null)", dpi=75, scan_mode=ScanMode.GRAY, depth=2, type=single, paper_width=0, paper_height=0, brightness=0, contrast=0, delay=3000ms)

[+7,68s] DEBUG: scanner.vala:341: sane_get_devices () -> SANE_STATUS_GOOD
[+7,68s] DEBUG: scanner.vala:353: Device: name="smfp:usb;03f0;f22a;CNB3M432Y5" vendor="HP" model="HP Laser MFP 131 133 135-138 na USB" type="Skaner"
[+7,68s] DEBUG: scanner.vala:810: Processing request

[+8,14s] DEBUG: scanner.vala:871: sane_open ("smfp:usb;03f0;f22a;CNB3M432Y5") -> SANE_STATUS_GOOD
[+8,14s] DEBUG: scanner.vala:892: sane_get_option_descriptor (0)
[+8,14s] DEBUG: scanner.vala:742: Option 0: title='Number of options' type=int size=4 cap=soft-detect
[+8,14s] DEBUG: scanner.vala:745:   Description: Specifies how many options the device supports
[+8,14s] DEBUG: scanner.vala:892: sane_get_option_descriptor (1)
[+8,14s] DEBUG: scanner.vala:742: Option 1: name='preview' title='Preview' type=bool size=4 cap=soft-select,soft-detect
[+8,14s] DEBUG: scanner.vala:745:   Description: Request a preview-quality scan
[+8,14s] DEBUG: scanner.vala:892: sane_get_option_descriptor (2)
[+8,14s] DEBUG: scanner.vala:742: Option 2: name='(null)' title='Image Quality' type=group size=0
[+8,14s] DEBUG: scanner.vala:892: sane_get_option_descriptor (3)
[+8,14s] DEBUG: scanner.vala:742: Option 3: name='mode' title='Color Composition' type=string size=32 values=["Color - 16 Million Colors", "Grayscale - 256 Levels", "Black and White - Halftone", "Black and White - Line Art"] cap=soft-select,soft-detect
[+8,14s] DEBUG: scanner.vala:745:   Description: Set the color composition mode of the scanned image
[+8,14s] DEBUG: scanner.vala:892: sane_get_option_descriptor (4)
[+8,14s] DEBUG: scanner.vala:742: Option 4: name='resolution' title='Resolution' type=int size=4 unit=dpi values=[75, 100, 150, 200, 300, 600, 1200] cap=soft-select,soft-detect
[+8,14s] DEBUG: scanner.vala:745:   Description: Set the resolution of the scanned image
[+8,14s] DEBUG: scanner.vala:892: sane_get_option_descriptor (5)
[+8,14s] DEBUG: scanner.vala:742: Option 5: name='(null)' title='Scan Area' type=group size=0
[+8,14s] DEBUG: scanner.vala:892: sane_get_option_descriptor (6)
[+8,14s] DEBUG: scanner.vala:742: Option 6: name='page-format' title='Page Format' type=string size=64 values=["Stateme", "Stateme", "A5", "A5(Rota", "B5(JIS)", "Executi", "A4", "Letter", "Custom"] cap=soft-select,soft-detect
[+8,14s] DEBUG: scanner.vala:745:   Description: Set the paper format of the scanned page
[+8,14s] DEBUG: scanner.vala:892: sane_get_option_descriptor (7)
[+8,14s] DEBUG: scanner.vala:742: Option 7: name='tl-x' title='Left' type=int size=4 unit=mm min=0, max=216, quant=0 cap=soft-select,soft-detect
[+8,14s] DEBUG: scanner.vala:745:   Description: Set left position of the scan area
[+8,14s] DEBUG: scanner.vala:892: sane_get_option_descriptor (8)
[+8,14s] DEBUG: scanner.vala:742: Option 8: name='tl-y' title='Top' type=int size=4 unit=mm min=0, max=297, quant=0 cap=soft-select,soft-detect
[+8,14s] DEBUG: scanner.vala:745:   Description: Set top position of the scan area
[+8,14s] DEBUG: scanner.vala:892: sane_get_option_descriptor (9)
[+8,14s] DEBUG: scanner.vala:742: Option 9: name='br-x' title='Right' type=int size=4 unit=mm min=0, max=216, quant=0 cap=soft-select,soft-detect
[+8,14s] DEBUG: scanner.vala:745:   Description: Set right position of the scan area
[+8,14s] DEBUG: scanner.vala:892: sane_get_option_descriptor (10)
[+8,14s] DEBUG: scanner.vala:742: Option 10: name='br-y' title='Bottom' type=int size=4 unit=mm min=0, max=297, quant=0 cap=soft-select,soft-detect
[+8,14s] DEBUG: scanner.vala:745:   Description: Set bottom position of the scan area
[+8,14s] DEBUG: scanner.vala:892: sane_get_option_descriptor (11)
[+8,14s] DEBUG: scanner.vala:903: SCAN_SOURCE not available, trying alternative "doc-source"
[+8,14s] DEBUG: scanner.vala:553: sane_control_option (3, SANE_ACTION_SET_VALUE, "Grayscale - 256 Levels") -> (SANE_STATUS_GOOD, "Grayscale - 256 Levels")
[+8,14s] DEBUG: scanner.vala:465: sane_control_option (4, SANE_ACTION_SET_VALUE, 75) -> (SANE_STATUS_GOOD, 75)
[+8,14s] DEBUG: scanner.vala:537: sane_control_option (9, SANE_ACTION_SET_VALUE, option.range.max=216) -> (SANE_STATUS_GOOD)
[+8,14s] DEBUG: scanner.vala:537: sane_control_option (10, SANE_ACTION_SET_VALUE, option.range.max=297) -> (SANE_STATUS_GOOD)
[+8,62s] DEBUG: scanner.vala:1252: sane_start (page=0, pass=0) -> SANE_STATUS_GOOD
[+8,62s] DEBUG: scanner.vala:1269: sane_get_parameters () -> SANE_STATUS_GOOD
[+8,62s] DEBUG: scanner.vala:1281: Parameters: format=SANE_FRAME_GRAY last_frame=SANE_TRUE bytes_per_line=638 pixels_per_line=638 lines=877 depth=8
[+8,62s] DEBUG: simple-scan.vala:350: Page is 638 pixels wide, 877 pixels high, 2 bits per pixel
[+8,62s] DEBUG: simple-scan.vala:284: Getting color profile for device smfp:usb;03f0;f22a;CNB3M432Y5
[+8,62s] DEBUG: simple-scan.vala:304: Unable to find colord device smfp:usb;03f0;f22a;CNB3M432Y5: property match 'Serial'='sane:smfp:usb;03f0;f22a;CNB3M432Y5' does not exist
[+9,62s] DEBUG: scanner.vala:1356: sane_read (639) -> (SANE_STATUS_GOOD, 639)
